======================================================================
AI-GENERATED FACE DETECTION - TRAINING
======================================================================
Config: D:\UIT\XyLyDuLieuLon_Thu5\DS200.F21.CN2.BigData\configs\train_config.yaml
Random seed: 42
Device: cuda
GPU: NVIDIA GeForce RTX 5070
VRAM: 12.8 GB

----------------------------------------------------------------------
Loading datasets...
----------------------------------------------------------------------
D:\UIT\XyLyDuLieuLon_Thu5\DS200.F21.CN2.BigData\venv312\Lib\site-packages\albumentations\core\validation.py:114: UserWarning: ShiftScaleRotate is a special case of Affine transform. Please use Affine transform instead.
  original_init(self, **validated_kwargs)
D:\UIT\XyLyDuLieuLon_Thu5\DS200.F21.CN2.BigData\src\dataset.py:94: UserWarning: Argument(s) 'max_holes, max_height, max_width, fill_value' are not valid for transform CoarseDropout
  A.CoarseDropout(
Train: 221,571 images
Val  : 47,479 images
Test : 47,480 images

----------------------------------------------------------------------
Creating model...
----------------------------------------------------------------------
Warning: You are sending unauthenticated requests to the HF Hub. Please set a HF_TOKEN to enable higher rate limits and faster downloads.
Model: efficientnet_b0
Total params    : 4,335,741
Trainable params: 4,335,741

----------------------------------------------------------------------
Starting 3-stage training...
----------------------------------------------------------------------

======================================================================
STAGE 1: freeze_backbone
======================================================================
✓ Backbone frozen
Trainable params: 328,193 / 4,335,741
Epoch  1/30 | Train Loss: 0.5270 | Val Loss: 0.4468 | Val Acc: 0.7924 | LR: 1.00e-04 | Time: 849.1s                                                                                                                                                                                   
✓ Saved best checkpoint: artifacts\checkpoints\best_stage1.pth
Epoch  2/30 | Train Loss: 0.4535 | Val Loss: 0.4257 | Val Acc: 0.8009 | LR: 1.00e-04 | Time: 658.8s                                                                                                                                                                                   
✓ Saved best checkpoint: artifacts\checkpoints\best_stage1.pth
Epoch  3/30 | Train Loss: 0.4313 | Val Loss: 0.4011 | Val Acc: 0.8160 | LR: 1.00e-04 | Time: 610.1s                                                                                                                                                                                   
✓ Saved best checkpoint: artifacts\checkpoints\best_stage1.pth
Epoch  4/30 | Train Loss: 0.4199 | Val Loss: 0.3885 | Val Acc: 0.8250 | LR: 1.00e-04 | Time: 623.7s                                                                                                                                                                                   
✓ Saved best checkpoint: artifacts\checkpoints\best_stage1.pth
Epoch  5/30 | Train Loss: 0.4118 | Val Loss: 0.3790 | Val Acc: 0.8309 | LR: 1.00e-04 | Time: 681.5s                                                                                                                                                                                   
✓ Saved best checkpoint: artifacts\checkpoints\best_stage1.pth
Epoch  6/30 | Train Loss: 0.4042 | Val Loss: 0.3749 | Val Acc: 0.8321 | LR: 1.00e-04 | Time: 701.2s                                                                                                                                                                                   
✓ Saved best checkpoint: artifacts\checkpoints\best_stage1.pth
Epoch  7/30 | Train Loss: 0.3969 | Val Loss: 0.3652 | Val Acc: 0.8366 | LR: 1.00e-04 | Time: 709.3s                                                                                                                                                                                   
✓ Saved best checkpoint: artifacts\checkpoints\best_stage1.pth
Epoch  8/30 | Train Loss: 0.3919 | Val Loss: 0.3619 | Val Acc: 0.8387 | LR: 1.00e-04 | Time: 648.2s                                                                                                                                                                                   
✓ Saved best checkpoint: artifacts\checkpoints\best_stage1.pth
Epoch  9/30 | Train Loss: 0.3889 | Val Loss: 0.3573 | Val Acc: 0.8411 | LR: 1.00e-04 | Time: 658.1s                                                                                                                                                                                   
✓ Saved best checkpoint: artifacts\checkpoints\best_stage1.pth
Epoch 10/30 | Train Loss: 0.3817 | Val Loss: 0.3518 | Val Acc: 0.8446 | LR: 1.00e-04 | Time: 689.3s                                                                                                                                                                                   
✓ Saved best checkpoint: artifacts\checkpoints\best_stage1.pth
Epoch 11/30 | Train Loss: 0.3785 | Val Loss: 0.3466 | Val Acc: 0.8482 | LR: 1.00e-04 | Time: 641.1s                                                                                                                                                                                   
✓ Saved best checkpoint: artifacts\checkpoints\best_stage1.pth
Epoch 12/30 | Train Loss: 0.3751 | Val Loss: 0.3471 | Val Acc: 0.8476 | LR: 1.00e-04 | Time: 651.0s                                                                                                                                                                                   
Epoch 13/30 | Train Loss: 0.3717 | Val Loss: 0.3458 | Val Acc: 0.8485 | LR: 1.00e-04 | Time: 638.8s                                                                                                                                                                                   
✓ Saved best checkpoint: artifacts\checkpoints\best_stage1.pth
Epoch 14/30 | Train Loss: 0.3679 | Val Loss: 0.3380 | Val Acc: 0.8519 | LR: 1.00e-04 | Time: 714.8s                                                                                                                                                                                   
✓ Saved best checkpoint: artifacts\checkpoints\best_stage1.pth
Epoch 15/30 | Train Loss: 0.3659 | Val Loss: 0.3388 | Val Acc: 0.8514 | LR: 1.00e-04 | Time: 704.6s                                                                                                                                                                                   
Epoch 16/30 | Train Loss: 0.3636 | Val Loss: 0.3354 | Val Acc: 0.8521 | LR: 1.00e-04 | Time: 696.3s                                                                                                                                                                                   
✓ Saved best checkpoint: artifacts\checkpoints\best_stage1.pth
Epoch 17/30 | Train Loss: 0.3593 | Val Loss: 0.3316 | Val Acc: 0.8561 | LR: 1.00e-04 | Time: 655.3s                                                                                                                                                                                   
✓ Saved best checkpoint: artifacts\checkpoints\best_stage1.pth
Epoch 18/30 | Train Loss: 0.3598 | Val Loss: 0.3358 | Val Acc: 0.8510 | LR: 1.00e-04 | Time: 647.2s                                                                                                                                                                                   
Epoch 19/30 | Train Loss: 0.3574 | Val Loss: 0.3287 | Val Acc: 0.8580 | LR: 1.00e-04 | Time: 701.4s                                                                                                                                                                                   
✓ Saved best checkpoint: artifacts\checkpoints\best_stage1.pth
Epoch 20/30 | Train Loss: 0.3543 | Val Loss: 0.3276 | Val Acc: 0.8585 | LR: 1.00e-04 | Time: 714.5s                                                                                                                                                                                   
✓ Saved best checkpoint: artifacts\checkpoints\best_stage1.pth
Epoch 21/30 | Train Loss: 0.3506 | Val Loss: 0.3234 | Val Acc: 0.8583 | LR: 1.00e-04 | Time: 668.8s                                                                                                                                                                                   
✓ Saved best checkpoint: artifacts\checkpoints\best_stage1.pth
Epoch 22/30 | Train Loss: 0.3482 | Val Loss: 0.3248 | Val Acc: 0.8591 | LR: 1.00e-04 | Time: 687.5s                                                                                                                                                                                   
Epoch 23/30 | Train Loss: 0.3468 | Val Loss: 0.3202 | Val Acc: 0.8618 | LR: 1.00e-04 | Time: 663.1s                                                                                                                                                                                   
✓ Saved best checkpoint: artifacts\checkpoints\best_stage1.pth
Epoch 24/30 | Train Loss: 0.3465 | Val Loss: 0.3202 | Val Acc: 0.8612 | LR: 1.00e-04 | Time: 659.8s                                                                                                                                                                                   
✓ Saved best checkpoint: artifacts\checkpoints\best_stage1.pth
Epoch 25/30 | Train Loss: 0.3440 | Val Loss: 0.3198 | Val Acc: 0.8621 | LR: 1.00e-04 | Time: 723.6s                                                                                                                                                                                   
✓ Saved best checkpoint: artifacts\checkpoints\best_stage1.pth
Epoch 26/30 | Train Loss: 0.3442 | Val Loss: 0.3162 | Val Acc: 0.8630 | LR: 1.00e-04 | Time: 746.6s                                                                                                                                                                                   
✓ Saved best checkpoint: artifacts\checkpoints\best_stage1.pth
Epoch 27/30 | Train Loss: 0.3413 | Val Loss: 0.3223 | Val Acc: 0.8603 | LR: 1.00e-04 | Time: 709.5s                                                                                                                                                                                   
Epoch 28/30 | Train Loss: 0.3395 | Val Loss: 0.3209 | Val Acc: 0.8614 | LR: 1.00e-04 | Time: 669.0s                                                                                                                                                                                   
Epoch 29/30 | Train Loss: 0.3368 | Val Loss: 0.3168 | Val Acc: 0.8624 | LR: 1.00e-04 | Time: 712.6s                                                                                                                                                                                   
Epoch 30/30 | Train Loss: 0.3360 | Val Loss: 0.3103 | Val Acc: 0.8663 | LR: 1.00e-04 | Time: 740.7s                                                                                                                                                                                   
✓ Saved best checkpoint: artifacts\checkpoints\best_stage1.pth

✓ Stage 1 complete. Best checkpoint: artifacts\checkpoints\best_stage1.pth

✓ Loaded Stage 1 checkpoint for Stage 2

======================================================================
STAGE 2: unfreeze_top_blocks
======================================================================
✓ Unfrozen blocks: [6, 7]
Trainable params: 1,045,425 / 4,335,741
Epoch  1/30 | Train Loss: 0.3130 | Val Loss: 0.2768 | Val Acc: 0.8825 | LR: 1.00e-05 | Time: 769.0s                                                                                                                                                                                   
✓ Saved best checkpoint: artifacts\checkpoints\best_stage2.pth
Epoch  2/30 | Train Loss: 0.2870 | Val Loss: 0.2552 | Val Acc: 0.8936 | LR: 1.00e-05 | Time: 709.9s                                                                                                                                                                                   
✓ Saved best checkpoint: artifacts\checkpoints\best_stage2.pth
Epoch  3/30 | Train Loss: 0.2704 | Val Loss: 0.2474 | Val Acc: 0.8975 | LR: 1.00e-05 | Time: 793.6s                                                                                                                                                                                   
✓ Saved best checkpoint: artifacts\checkpoints\best_stage2.pth
Epoch  4/30 | Train Loss: 0.2575 | Val Loss: 0.2288 | Val Acc: 0.9055 | LR: 1.00e-05 | Time: 718.7s                                                                                                                                                                                   
✓ Saved best checkpoint: artifacts\checkpoints\best_stage2.pth
Epoch  5/30 | Train Loss: 0.2460 | Val Loss: 0.2159 | Val Acc: 0.9127 | LR: 1.00e-05 | Time: 679.4s                                                                                                                                                                                   
✓ Saved best checkpoint: artifacts\checkpoints\best_stage2.pth
Epoch  6/30 | Train Loss: 0.2360 | Val Loss: 0.2098 | Val Acc: 0.9153 | LR: 1.00e-05 | Time: 714.5s                                                                                                                                                                                   
✓ Saved best checkpoint: artifacts\checkpoints\best_stage2.pth
Epoch  7/30 | Train Loss: 0.2302 | Val Loss: 0.2025 | Val Acc: 0.9181 | LR: 1.00e-05 | Time: 772.2s                                                                                                                                                                                   
✓ Saved best checkpoint: artifacts\checkpoints\best_stage2.pth
Epoch  8/30 | Train Loss: 0.2225 | Val Loss: 0.1943 | Val Acc: 0.9214 | LR: 1.00e-05 | Time: 721.9s                                                                                                                                                                                   
✓ Saved best checkpoint: artifacts\checkpoints\best_stage2.pth
Epoch  9/30 | Train Loss: 0.2166 | Val Loss: 0.1881 | Val Acc: 0.9249 | LR: 1.00e-05 | Time: 739.2s                                                                                                                                                                                   
✓ Saved best checkpoint: artifacts\checkpoints\best_stage2.pth
Epoch 10/30 | Train Loss: 0.2106 | Val Loss: 0.1866 | Val Acc: 0.9254 | LR: 1.00e-05 | Time: 703.3s                                                                                                                                                                                   
✓ Saved best checkpoint: artifacts\checkpoints\best_stage2.pth
Epoch 11/30 | Train Loss: 0.2036 | Val Loss: 0.1783 | Val Acc: 0.9293 | LR: 1.00e-05 | Time: 684.1s                                                                                                                                                                                   
✓ Saved best checkpoint: artifacts\checkpoints\best_stage2.pth
Epoch 12/30 | Train Loss: 0.1982 | Val Loss: 0.1754 | Val Acc: 0.9306 | LR: 1.00e-05 | Time: 684.4s                                                                                                                                                                                   
✓ Saved best checkpoint: artifacts\checkpoints\best_stage2.pth
Epoch 13/30 | Train Loss: 0.1949 | Val Loss: 0.1731 | Val Acc: 0.9298 | LR: 1.00e-05 | Time: 754.0s                                                                                                                                                                                   
✓ Saved best checkpoint: artifacts\checkpoints\best_stage2.pth
Epoch 14/30 | Train Loss: 0.1904 | Val Loss: 0.1691 | Val Acc: 0.9329 | LR: 1.00e-05 | Time: 775.0s                                                                                                                                                                                   
✓ Saved best checkpoint: artifacts\checkpoints\best_stage2.pth
Epoch 15/30 | Train Loss: 0.1866 | Val Loss: 0.1674 | Val Acc: 0.9326 | LR: 1.00e-05 | Time: 742.8s                                                                                                                                                                                   
✓ Saved best checkpoint: artifacts\checkpoints\best_stage2.pth
Epoch 16/30 | Train Loss: 0.1826 | Val Loss: 0.1641 | Val Acc: 0.9339 | LR: 1.00e-05 | Time: 648.4s                                                                                                                                                                                   
✓ Saved best checkpoint: artifacts\checkpoints\best_stage2.pth
Epoch 17/30 | Train Loss: 0.1792 | Val Loss: 0.1608 | Val Acc: 0.9373 | LR: 1.00e-05 | Time: 627.7s                                                                                                                                                                                   
✓ Saved best checkpoint: artifacts\checkpoints\best_stage2.pth
Epoch 18/30 | Train Loss: 0.1764 | Val Loss: 0.1597 | Val Acc: 0.9378 | LR: 1.00e-05 | Time: 775.8s                                                                                                                                                                                   
✓ Saved best checkpoint: artifacts\checkpoints\best_stage2.pth
Epoch 19/30 | Train Loss: 0.1737 | Val Loss: 0.1544 | Val Acc: 0.9386 | LR: 1.00e-05 | Time: 671.1s                                                                                                                                                                                   
✓ Saved best checkpoint: artifacts\checkpoints\best_stage2.pth
Epoch 20/30 | Train Loss: 0.1704 | Val Loss: 0.1556 | Val Acc: 0.9384 | LR: 1.00e-05 | Time: 578.0s                                                                                                                                                                                   
Epoch 21/30 | Train Loss: 0.1671 | Val Loss: 0.1517 | Val Acc: 0.9399 | LR: 1.00e-05 | Time: 492.0s                                                                                                                                                                                   
✓ Saved best checkpoint: artifacts\checkpoints\best_stage2.pth
Epoch 22/30 | Train Loss: 0.1651 | Val Loss: 0.1524 | Val Acc: 0.9404 | LR: 1.00e-05 | Time: 518.0s                                                                                                                                                                                   
Epoch 23/30 | Train Loss: 0.1611 | Val Loss: 0.1459 | Val Acc: 0.9429 | LR: 1.00e-05 | Time: 585.9s                                                                                                                                                                                   
✓ Saved best checkpoint: artifacts\checkpoints\best_stage2.pth
Epoch 24/30 | Train Loss: 0.1590 | Val Loss: 0.1485 | Val Acc: 0.9414 | LR: 1.00e-05 | Time: 673.0s                                                                                                                                                                                   
Epoch 25/30 | Train Loss: 0.1563 | Val Loss: 0.1456 | Val Acc: 0.9424 | LR: 1.00e-05 | Time: 716.6s                                                                                                                                                                                   
✓ Saved best checkpoint: artifacts\checkpoints\best_stage2.pth
Epoch 26/30 | Train Loss: 0.1542 | Val Loss: 0.1457 | Val Acc: 0.9425 | LR: 1.00e-05 | Time: 713.3s                                                                                                                                                                                   
Epoch 27/30 | Train Loss: 0.1531 | Val Loss: 0.1429 | Val Acc: 0.9436 | LR: 1.00e-05 | Time: 530.2s                                                                                                                                                                                   
✓ Saved best checkpoint: artifacts\checkpoints\best_stage2.pth
Epoch 28/30 | Train Loss: 0.1514 | Val Loss: 0.1395 | Val Acc: 0.9454 | LR: 1.00e-05 | Time: 519.4s                                                                                                                                                                                   
✓ Saved best checkpoint: artifacts\checkpoints\best_stage2.pth
Epoch 29/30 | Train Loss: 0.1487 | Val Loss: 0.1390 | Val Acc: 0.9452 | LR: 1.00e-05 | Time: 598.1s                                                                                                                                                                                   
✓ Saved best checkpoint: artifacts\checkpoints\best_stage2.pth
Epoch 30/30 | Train Loss: 0.1467 | Val Loss: 0.1383 | Val Acc: 0.9454 | LR: 1.00e-05 | Time: 712.4s                                                                                                                                                                                   
✓ Saved best checkpoint: artifacts\checkpoints\best_stage2.pth

✓ Stage 2 complete. Best checkpoint: artifacts\checkpoints\best_stage2.pth

✓ Loaded Stage 2 checkpoint for Stage 3

======================================================================
STAGE 3: unfreeze_all
======================================================================
✓ All layers unfrozen
Trainable params: 4,335,741 / 4,335,741
Epoch  1/30 | Train Loss: 0.1407 | Val Loss: 0.1281 | Val Acc: 0.9500 | LR: 1.00e-06 | Time: 756.8s                                                                                                                                                                                   
✓ Saved best checkpoint: artifacts\checkpoints\best_stage3.pth
Epoch  2/30 | Train Loss: 0.1332 | Val Loss: 0.1239 | Val Acc: 0.9517 | LR: 1.00e-06 | Time: 673.2s                                                                                                                                                                                   
✓ Saved best checkpoint: artifacts\checkpoints\best_stage3.pth
Epoch  3/30 | Train Loss: 0.1275 | Val Loss: 0.1194 | Val Acc: 0.9539 | LR: 1.00e-06 | Time: 730.6s                                                                                                                                                                                   
✓ Saved best checkpoint: artifacts\checkpoints\best_stage3.pth
Epoch  4/30 | Train Loss: 0.1225 | Val Loss: 0.1133 | Val Acc: 0.9563 | LR: 1.00e-06 | Time: 730.4s                                                                                                                                                                                   
✓ Saved best checkpoint: artifacts\checkpoints\best_stage3.pth
Epoch  5/30 | Train Loss: 0.1188 | Val Loss: 0.1096 | Val Acc: 0.9575 | LR: 1.00e-06 | Time: 699.6s                                                                                                                                                                                   
✓ Saved best checkpoint: artifacts\checkpoints\best_stage3.pth
Epoch  6/30 | Train Loss: 0.1136 | Val Loss: 0.1064 | Val Acc: 0.9591 | LR: 1.00e-06 | Time: 666.6s                                                                                                                                                                                   
✓ Saved best checkpoint: artifacts\checkpoints\best_stage3.pth
Epoch  7/30 | Train Loss: 0.1103 | Val Loss: 0.1036 | Val Acc: 0.9603 | LR: 1.00e-06 | Time: 704.1s                                                                                                                                                                                   
✓ Saved best checkpoint: artifacts\checkpoints\best_stage3.pth
Epoch  8/30 | Train Loss: 0.1088 | Val Loss: 0.1010 | Val Acc: 0.9613 | LR: 1.00e-06 | Time: 702.6s                                                                                                                                                                                   
✓ Saved best checkpoint: artifacts\checkpoints\best_stage3.pth
Epoch  9/30 | Train Loss: 0.1047 | Val Loss: 0.1006 | Val Acc: 0.9619 | LR: 1.00e-06 | Time: 663.1s                                                                                                                                                                                   
✓ Saved best checkpoint: artifacts\checkpoints\best_stage3.pth
Epoch 10/30 | Train Loss: 0.1030 | Val Loss: 0.0969 | Val Acc: 0.9631 | LR: 1.00e-06 | Time: 697.5s                                                                                                                                                                                   
✓ Saved best checkpoint: artifacts\checkpoints\best_stage3.pth
Epoch 11/30 | Train Loss: 0.0988 | Val Loss: 0.0932 | Val Acc: 0.9639 | LR: 1.00e-06 | Time: 680.5s                                                                                                                                                                                   
✓ Saved best checkpoint: artifacts\checkpoints\best_stage3.pth
Epoch 12/30 | Train Loss: 0.0973 | Val Loss: 0.0927 | Val Acc: 0.9644 | LR: 1.00e-06 | Time: 767.7s                                                                                                                                                                                   
✓ Saved best checkpoint: artifacts\checkpoints\best_stage3.pth
Epoch 13/30 | Train Loss: 0.0940 | Val Loss: 0.0896 | Val Acc: 0.9656 | LR: 1.00e-06 | Time: 605.4s                                                                                                                                                                                   
✓ Saved best checkpoint: artifacts\checkpoints\best_stage3.pth
Epoch 14/30 | Train Loss: 0.0914 | Val Loss: 0.0879 | Val Acc: 0.9665 | LR: 1.00e-06 | Time: 620.1s                                                                                                                                                                                   
✓ Saved best checkpoint: artifacts\checkpoints\best_stage3.pth
Epoch 15/30 | Train Loss: 0.0900 | Val Loss: 0.0864 | Val Acc: 0.9666 | LR: 1.00e-06 | Time: 657.6s                                                                                                                                                                                   
✓ Saved best checkpoint: artifacts\checkpoints\best_stage3.pth
Epoch 16/30 | Train Loss: 0.0885 | Val Loss: 0.0867 | Val Acc: 0.9669 | LR: 1.00e-06 | Time: 700.5s                                                                                                                                                                                   
Epoch 17/30 | Train Loss: 0.0872 | Val Loss: 0.0842 | Val Acc: 0.9676 | LR: 1.00e-06 | Time: 700.0s                                                                                                                                                                                   
✓ Saved best checkpoint: artifacts\checkpoints\best_stage3.pth
Epoch 18/30 | Train Loss: 0.0853 | Val Loss: 0.0824 | Val Acc: 0.9681 | LR: 1.00e-06 | Time: 758.5s                                                                                                                                                                                   
✓ Saved best checkpoint: artifacts\checkpoints\best_stage3.pth
Epoch 19/30 | Train Loss: 0.0821 | Val Loss: 0.0821 | Val Acc: 0.9689 | LR: 1.00e-06 | Time: 763.3s                                                                                                                                                                                   
✓ Saved best checkpoint: artifacts\checkpoints\best_stage3.pth
Epoch 20/30 | Train Loss: 0.0818 | Val Loss: 0.0801 | Val Acc: 0.9694 | LR: 1.00e-06 | Time: 871.2s                                                                                                                                                                                   
✓ Saved best checkpoint: artifacts\checkpoints\best_stage3.pth
Epoch 21/30 | Train Loss: 0.0796 | Val Loss: 0.0777 | Val Acc: 0.9704 | LR: 1.00e-06 | Time: 844.7s                                                                                                                                                                                   
✓ Saved best checkpoint: artifacts\checkpoints\best_stage3.pth
Epoch 22/30 | Train Loss: 0.0787 | Val Loss: 0.0856 | Val Acc: 0.9675 | LR: 1.00e-06 | Time: 725.5s                                                                                                                                                                                   
Epoch 23/30 | Train Loss: 0.0779 | Val Loss: 0.0769 | Val Acc: 0.9706 | LR: 1.00e-06 | Time: 862.1s                                                                                                                                                                                   
✓ Saved best checkpoint: artifacts\checkpoints\best_stage3.pth
Epoch 24/30 | Train Loss: 0.0760 | Val Loss: 0.0776 | Val Acc: 0.9708 | LR: 1.00e-06 | Time: 787.3s                                                                                                                                                                                   
Epoch 25/30 | Train Loss: 0.0748 | Val Loss: 0.0771 | Val Acc: 0.9712 | LR: 1.00e-06 | Time: 746.9s                                                                                                                                                                                   
Epoch 26/30 | Train Loss: 0.0725 | Val Loss: 0.0733 | Val Acc: 0.9721 | LR: 1.00e-06 | Time: 757.2s                                                                                                                                                                                   
✓ Saved best checkpoint: artifacts\checkpoints\best_stage3.pth
Epoch 27/30 | Train Loss: 0.0719 | Val Loss: 0.0723 | Val Acc: 0.9721 | LR: 1.00e-06 | Time: 701.3s                                                                                                                                                                                   
✓ Saved best checkpoint: artifacts\checkpoints\best_stage3.pth
Epoch 28/30 | Train Loss: 0.0699 | Val Loss: 0.0708 | Val Acc: 0.9727 | LR: 1.00e-06 | Time: 685.9s                                                                                                                                                                                   
✓ Saved best checkpoint: artifacts\checkpoints\best_stage3.pth
Epoch 29/30 | Train Loss: 0.0687 | Val Loss: 0.0709 | Val Acc: 0.9731 | LR: 1.00e-06 | Time: 748.5s                                                                                                                                                                                   
Epoch 30/30 | Train Loss: 0.0682 | Val Loss: 0.0699 | Val Acc: 0.9734 | LR: 1.00e-06 | Time: 872.9s                                                                                                                                                                                   
✓ Saved best checkpoint: artifacts\checkpoints\best_stage3.pth

✓ Stage 3 complete. Best checkpoint: artifacts\checkpoints\best_stage3.pth

======================================================================
ALL STAGES COMPLETE
======================================================================
Final model: artifacts\checkpoints\best_stage3.pth

----------------------------------------------------------------------
Plotting training curves...
----------------------------------------------------------------------
✓ Saved training curves: artifacts\results\training_curves.png

----------------------------------------------------------------------
Evaluating on test set...
----------------------------------------------------------------------

======================================================================
EVALUATION ON TEST SET
======================================================================
Evaluating: 100%|███████████████████████████████████████████████████████████████████████████████████████████████████████████████████████████████████████████████████████████████████████████████████████████████████████████████████████████████████| 371/371 [03:04<00:00,  2.01it/s]

Metrics:
  Accuracy : 0.9733
  Precision: 0.9773
  Recall   : 0.9718
  F1-Score : 0.9745
  AUC-ROC  : 0.9970
✓ Saved confusion matrix: artifacts\results\confusion_matrix.png
✓ Saved ROC curve: artifacts\results\roc_curve.png

✓ Saved metrics: artifacts\results\metrics.txt

======================================================================
TRAINING COMPLETE
======================================================================
Best model: artifacts\checkpoints\best_stage3.pth
Results saved to: artifacts\results

Test Accuracy: 0.9733
Test F1-Score: 0.9745
Test AUC-ROC : 0.9970